<?xml version="1.0" encoding="UTF-8"?>
<!-- Generated by org.testng.reporters.JUnitXMLReporter -->
<testsuite hostname="DESKTOP-0HLH9L7" name="Default test" tests="1" failures="1" timestamp="22 Jun 2019 09:45:35 GMT" time="6.208" errors="0">
  <testcase name="feature" time="5.789" classname="runner.TestRunner">
    <failure type="java.lang.NullPointerException">
      <![CDATA[java.lang.NullPointerException
	at pages.GoogleSearchPage.googleeSearch(GoogleSearchPage.java:21)
	at stepDefinitions.GoogleSearch.enter_search_criteria(GoogleSearch.java:34)
	at ✽.Enter search criteria(file:src/main/resources/Features/googleSearch.feature:6)
]]>
    </failure>
  </testcase> <!-- feature -->
</testsuite> <!-- Default test -->
