<?xml version="1.0" encoding="UTF-8"?>
<!-- Generated by org.testng.reporters.JUnitXMLReporter -->
<testsuite hostname="DESKTOP-0HLH9L7" name="Test" tests="3" failures="3" timestamp="17 Jul 2019 19:52:06 GMT" time="0.723" errors="0">
  <testcase name="feature" time="0.185" classname="runner.TestRunner">
    <failure type="java.lang.NoClassDefFoundError" message="org/picocontainer/PicoBuilder">
      <![CDATA[java.lang.NoClassDefFoundError: org/picocontainer/PicoBuilder
	at io.cucumber.picocontainer.PicoFactory.start(PicoFactory.java:19)
	at cucumber.runtime.java.ObjectFactoryLoader$ObjectFactoryAdapter.start(ObjectFactoryLoader.java:104)
	at cucumber.runtime.java.JavaBackend.buildWorld(JavaBackend.java:114)
	at cucumber.runner.Runner.buildBackendWorlds(Runner.java:130)
	at cucumber.runner.Runner.runPickle(Runner.java:48)
	at cucumber.api.testng.TestNGCucumberRunner.runScenario(TestNGCucumberRunner.java:58)
	at runner.TestRunner.feature(TestRunner.java:32)
	at java.util.concurrent.FutureTask.run(Unknown Source)
	at java.util.concurrent.Executors$RunnableAdapter.call(Unknown Source)
	at java.util.concurrent.FutureTask.run(Unknown Source)
	at java.util.concurrent.ThreadPoolExecutor.runWorker(Unknown Source)
	at java.util.concurrent.ThreadPoolExecutor$Worker.run(Unknown Source)
	at java.lang.Thread.run(Unknown Source)
Caused by: java.lang.ClassNotFoundException: org.picocontainer.PicoBuilder
	at java.net.URLClassLoader.findClass(Unknown Source)
	at java.lang.ClassLoader.loadClass(Unknown Source)
	at sun.misc.Launcher$AppClassLoader.loadClass(Unknown Source)
	at java.lang.ClassLoader.loadClass(Unknown Source)
	... 22 more
... Removed 9 stack frames]]>
    </failure>
  </testcase> <!-- feature -->
  <testcase name="feature" time="0.189" classname="runner.TestRunner">
    <failure type="java.lang.NoClassDefFoundError" message="org/picocontainer/PicoBuilder">
      <![CDATA[java.lang.NoClassDefFoundError: org/picocontainer/PicoBuilder
	at io.cucumber.picocontainer.PicoFactory.start(PicoFactory.java:19)
	at cucumber.runtime.java.ObjectFactoryLoader$ObjectFactoryAdapter.start(ObjectFactoryLoader.java:104)
	at cucumber.runtime.java.JavaBackend.buildWorld(JavaBackend.java:114)
	at cucumber.runner.Runner.buildBackendWorlds(Runner.java:130)
	at cucumber.runner.Runner.runPickle(Runner.java:48)
	at cucumber.api.testng.TestNGCucumberRunner.runScenario(TestNGCucumberRunner.java:58)
	at runner.TestRunner.feature(TestRunner.java:32)
	at java.util.concurrent.FutureTask.run(Unknown Source)
	at java.util.concurrent.Executors$RunnableAdapter.call(Unknown Source)
	at java.util.concurrent.FutureTask.run(Unknown Source)
	at java.util.concurrent.ThreadPoolExecutor.runWorker(Unknown Source)
	at java.util.concurrent.ThreadPoolExecutor$Worker.run(Unknown Source)
	at java.lang.Thread.run(Unknown Source)
... Removed 9 stack frames]]>
    </failure>
  </testcase> <!-- feature -->
  <testcase name="feature" time="0.009" classname="runner.TestRunner">
    <failure type="java.lang.NoClassDefFoundError" message="org/picocontainer/PicoBuilder">
      <![CDATA[java.lang.NoClassDefFoundError: org/picocontainer/PicoBuilder
	at io.cucumber.picocontainer.PicoFactory.start(PicoFactory.java:19)
	at cucumber.runtime.java.ObjectFactoryLoader$ObjectFactoryAdapter.start(ObjectFactoryLoader.java:104)
	at cucumber.runtime.java.JavaBackend.buildWorld(JavaBackend.java:114)
	at cucumber.runner.Runner.buildBackendWorlds(Runner.java:130)
	at cucumber.runner.Runner.runPickle(Runner.java:48)
	at cucumber.api.testng.TestNGCucumberRunner.runScenario(TestNGCucumberRunner.java:58)
	at runner.TestRunner.feature(TestRunner.java:32)
	at java.util.concurrent.FutureTask.run(Unknown Source)
	at java.util.concurrent.Executors$RunnableAdapter.call(Unknown Source)
	at java.util.concurrent.FutureTask.run(Unknown Source)
	at java.util.concurrent.ThreadPoolExecutor.runWorker(Unknown Source)
	at java.util.concurrent.ThreadPoolExecutor$Worker.run(Unknown Source)
	at java.lang.Thread.run(Unknown Source)
... Removed 9 stack frames]]>
    </failure>
  </testcase> <!-- feature -->
</testsuite> <!-- Test -->
