<?xml version="1.0" encoding="UTF-8"?>
<testng-results skipped="0" failed="3" total="3" passed="0">
  <reporter-output>
  </reporter-output>
  <suite name="Suite" duration-ms="723" started-at="2019-07-17T19:52:05Z" finished-at="2019-07-17T19:52:06Z">
    <groups>
    </groups>
    <test name="Test" duration-ms="723" started-at="2019-07-17T19:52:05Z" finished-at="2019-07-17T19:52:06Z">
      <class name="runner.TestRunner">
        <test-method status="PASS" signature="beforesute()[pri:0, instance:runner.TestRunner@271053e1]" name="beforesute" is-config="true" duration-ms="8" started-at="2019-07-18T01:22:05Z" finished-at="2019-07-18T01:22:05Z">
          <reporter-output>
          </reporter-output>
        </test-method> <!-- beforesute -->
        <test-method status="PASS" signature="setupClass()[pri:0, instance:runner.TestRunner@271053e1]" name="setupClass" is-config="true" duration-ms="155" started-at="2019-07-18T01:22:05Z" finished-at="2019-07-18T01:22:06Z">
          <reporter-output>
          </reporter-output>
        </test-method> <!-- setupClass -->
        <test-method status="FAIL" signature="feature(cucumber.api.testng.PickleEventWrapper, cucumber.api.testng.CucumberFeatureWrapper)[pri:0, instance:runner.TestRunner@271053e1]" name="feature" duration-ms="189" started-at="2019-07-18T01:22:06Z" data-provider="features" finished-at="2019-07-18T01:22:06Z">
          <params>
            <param index="0">
              <value>
                <![CDATA["YahooSearch Page"]]>
              </value>
            </param>
            <param index="1">
              <value>
                <![CDATA["Check Global Search"]]>
              </value>
            </param>
          </params>
          <exception class="java.lang.NoClassDefFoundError">
            <message>
              <![CDATA[org/picocontainer/PicoBuilder]]>
            </message>
            <full-stacktrace>
              <![CDATA[java.lang.NoClassDefFoundError: org/picocontainer/PicoBuilder
	at io.cucumber.picocontainer.PicoFactory.start(PicoFactory.java:19)
	at cucumber.runtime.java.ObjectFactoryLoader$ObjectFactoryAdapter.start(ObjectFactoryLoader.java:104)
	at cucumber.runtime.java.JavaBackend.buildWorld(JavaBackend.java:114)
	at cucumber.runner.Runner.buildBackendWorlds(Runner.java:130)
	at cucumber.runner.Runner.runPickle(Runner.java:48)
	at cucumber.api.testng.TestNGCucumberRunner.runScenario(TestNGCucumberRunner.java:58)
	at runner.TestRunner.feature(TestRunner.java:32)
	at sun.reflect.NativeMethodAccessorImpl.invoke0(Native Method)
	at sun.reflect.NativeMethodAccessorImpl.invoke(Unknown Source)
	at sun.reflect.DelegatingMethodAccessorImpl.invoke(Unknown Source)
	at java.lang.reflect.Method.invoke(Unknown Source)
	at org.testng.internal.MethodInvocationHelper.invokeMethod(MethodInvocationHelper.java:100)
	at org.testng.internal.Invoker.invokeMethod(Invoker.java:646)
	at org.testng.internal.Invoker.invokeTestMethod(Invoker.java:811)
	at org.testng.internal.TestMethodWithDataProviderMethodWorker.call(TestMethodWithDataProviderMethodWorker.java:75)
	at org.testng.internal.TestMethodWithDataProviderMethodWorker.call(TestMethodWithDataProviderMethodWorker.java:14)
	at java.util.concurrent.FutureTask.run(Unknown Source)
	at java.util.concurrent.Executors$RunnableAdapter.call(Unknown Source)
	at java.util.concurrent.FutureTask.run(Unknown Source)
	at java.util.concurrent.ThreadPoolExecutor.runWorker(Unknown Source)
	at java.util.concurrent.ThreadPoolExecutor$Worker.run(Unknown Source)
	at java.lang.Thread.run(Unknown Source)
]]>
            </full-stacktrace>
          </exception> <!-- java.lang.NoClassDefFoundError -->
          <reporter-output>
          </reporter-output>
        </test-method> <!-- feature -->
        <test-method status="FAIL" signature="feature(cucumber.api.testng.PickleEventWrapper, cucumber.api.testng.CucumberFeatureWrapper)[pri:0, instance:runner.TestRunner@271053e1]" name="feature" duration-ms="185" started-at="2019-07-18T01:22:06Z" data-provider="features" finished-at="2019-07-18T01:22:06Z">
          <params>
            <param index="0">
              <value>
                <![CDATA["YahooSearch Page"]]>
              </value>
            </param>
            <param index="1">
              <value>
                <![CDATA["Check Global Search"]]>
              </value>
            </param>
          </params>
          <exception class="java.lang.NoClassDefFoundError">
            <message>
              <![CDATA[org/picocontainer/PicoBuilder]]>
            </message>
            <full-stacktrace>
              <![CDATA[java.lang.NoClassDefFoundError: org/picocontainer/PicoBuilder
	at io.cucumber.picocontainer.PicoFactory.start(PicoFactory.java:19)
	at cucumber.runtime.java.ObjectFactoryLoader$ObjectFactoryAdapter.start(ObjectFactoryLoader.java:104)
	at cucumber.runtime.java.JavaBackend.buildWorld(JavaBackend.java:114)
	at cucumber.runner.Runner.buildBackendWorlds(Runner.java:130)
	at cucumber.runner.Runner.runPickle(Runner.java:48)
	at cucumber.api.testng.TestNGCucumberRunner.runScenario(TestNGCucumberRunner.java:58)
	at runner.TestRunner.feature(TestRunner.java:32)
	at sun.reflect.NativeMethodAccessorImpl.invoke0(Native Method)
	at sun.reflect.NativeMethodAccessorImpl.invoke(Unknown Source)
	at sun.reflect.DelegatingMethodAccessorImpl.invoke(Unknown Source)
	at java.lang.reflect.Method.invoke(Unknown Source)
	at org.testng.internal.MethodInvocationHelper.invokeMethod(MethodInvocationHelper.java:100)
	at org.testng.internal.Invoker.invokeMethod(Invoker.java:646)
	at org.testng.internal.Invoker.invokeTestMethod(Invoker.java:811)
	at org.testng.internal.TestMethodWithDataProviderMethodWorker.call(TestMethodWithDataProviderMethodWorker.java:75)
	at org.testng.internal.TestMethodWithDataProviderMethodWorker.call(TestMethodWithDataProviderMethodWorker.java:14)
	at java.util.concurrent.FutureTask.run(Unknown Source)
	at java.util.concurrent.Executors$RunnableAdapter.call(Unknown Source)
	at java.util.concurrent.FutureTask.run(Unknown Source)
	at java.util.concurrent.ThreadPoolExecutor.runWorker(Unknown Source)
	at java.util.concurrent.ThreadPoolExecutor$Worker.run(Unknown Source)
	at java.lang.Thread.run(Unknown Source)
Caused by: java.lang.ClassNotFoundException: org.picocontainer.PicoBuilder
	at java.net.URLClassLoader.findClass(Unknown Source)
	at java.lang.ClassLoader.loadClass(Unknown Source)
	at sun.misc.Launcher$AppClassLoader.loadClass(Unknown Source)
	at java.lang.ClassLoader.loadClass(Unknown Source)
	... 22 more
]]>
            </full-stacktrace>
          </exception> <!-- java.lang.NoClassDefFoundError -->
          <reporter-output>
          </reporter-output>
        </test-method> <!-- feature -->
        <test-method status="FAIL" signature="feature(cucumber.api.testng.PickleEventWrapper, cucumber.api.testng.CucumberFeatureWrapper)[pri:0, instance:runner.TestRunner@271053e1]" name="feature" duration-ms="9" started-at="2019-07-18T01:22:06Z" data-provider="features" finished-at="2019-07-18T01:22:06Z">
          <params>
            <param index="0">
              <value>
                <![CDATA["Scenario to check google search"]]>
              </value>
            </param>
            <param index="1">
              <value>
                <![CDATA["Feature to Check Google Search Functionality"]]>
              </value>
            </param>
          </params>
          <exception class="java.lang.NoClassDefFoundError">
            <message>
              <![CDATA[org/picocontainer/PicoBuilder]]>
            </message>
            <full-stacktrace>
              <![CDATA[java.lang.NoClassDefFoundError: org/picocontainer/PicoBuilder
	at io.cucumber.picocontainer.PicoFactory.start(PicoFactory.java:19)
	at cucumber.runtime.java.ObjectFactoryLoader$ObjectFactoryAdapter.start(ObjectFactoryLoader.java:104)
	at cucumber.runtime.java.JavaBackend.buildWorld(JavaBackend.java:114)
	at cucumber.runner.Runner.buildBackendWorlds(Runner.java:130)
	at cucumber.runner.Runner.runPickle(Runner.java:48)
	at cucumber.api.testng.TestNGCucumberRunner.runScenario(TestNGCucumberRunner.java:58)
	at runner.TestRunner.feature(TestRunner.java:32)
	at sun.reflect.NativeMethodAccessorImpl.invoke0(Native Method)
	at sun.reflect.NativeMethodAccessorImpl.invoke(Unknown Source)
	at sun.reflect.DelegatingMethodAccessorImpl.invoke(Unknown Source)
	at java.lang.reflect.Method.invoke(Unknown Source)
	at org.testng.internal.MethodInvocationHelper.invokeMethod(MethodInvocationHelper.java:100)
	at org.testng.internal.Invoker.invokeMethod(Invoker.java:646)
	at org.testng.internal.Invoker.invokeTestMethod(Invoker.java:811)
	at org.testng.internal.TestMethodWithDataProviderMethodWorker.call(TestMethodWithDataProviderMethodWorker.java:75)
	at org.testng.internal.TestMethodWithDataProviderMethodWorker.call(TestMethodWithDataProviderMethodWorker.java:14)
	at java.util.concurrent.FutureTask.run(Unknown Source)
	at java.util.concurrent.Executors$RunnableAdapter.call(Unknown Source)
	at java.util.concurrent.FutureTask.run(Unknown Source)
	at java.util.concurrent.ThreadPoolExecutor.runWorker(Unknown Source)
	at java.util.concurrent.ThreadPoolExecutor$Worker.run(Unknown Source)
	at java.lang.Thread.run(Unknown Source)
]]>
            </full-stacktrace>
          </exception> <!-- java.lang.NoClassDefFoundError -->
          <reporter-output>
          </reporter-output>
        </test-method> <!-- feature -->
        <test-method status="PASS" signature="tearDownClass()[pri:0, instance:runner.TestRunner@271053e1]" name="tearDownClass" is-config="true" duration-ms="12" started-at="2019-07-18T01:22:06Z" finished-at="2019-07-18T01:22:06Z">
          <reporter-output>
          </reporter-output>
        </test-method> <!-- tearDownClass -->
      </class> <!-- runner.TestRunner -->
    </test> <!-- Test -->
  </suite> <!-- Suite -->
</testng-results>
