<?xml version="1.0" encoding="UTF-8"?>
<testng-results skipped="0" failed="0" total="3" passed="3">
  <reporter-output>
  </reporter-output>
  <suite name="Suite" duration-ms="118972" started-at="2019-07-21T16:00:11Z" finished-at="2019-07-21T16:02:10Z">
    <groups>
    </groups>
    <test name="Test" duration-ms="118972" started-at="2019-07-21T16:00:11Z" finished-at="2019-07-21T16:02:10Z">
      <class name="runner.TestRunner">
        <test-method status="PASS" signature="beforesute()[pri:0, instance:runner.TestRunner@598067a5]" name="beforesute" is-config="true" duration-ms="12" started-at="2019-07-21T21:30:11Z" finished-at="2019-07-21T21:30:11Z">
          <reporter-output>
          </reporter-output>
        </test-method> <!-- beforesute -->
        <test-method status="PASS" signature="setupClass()[pri:0, instance:runner.TestRunner@598067a5]" name="setupClass" is-config="true" duration-ms="145" started-at="2019-07-21T21:30:11Z" finished-at="2019-07-21T21:30:11Z">
          <reporter-output>
          </reporter-output>
        </test-method> <!-- setupClass -->
        <test-method status="PASS" signature="feature(cucumber.api.testng.PickleEventWrapper, cucumber.api.testng.CucumberFeatureWrapper)[pri:0, instance:runner.TestRunner@598067a5]" name="feature" duration-ms="100024" started-at="2019-07-21T21:30:11Z" data-provider="features" finished-at="2019-07-21T21:31:51Z">
          <params>
            <param index="0">
              <value>
                <![CDATA["YahooSearch Page"]]>
              </value>
            </param>
            <param index="1">
              <value>
                <![CDATA["Check Global Search"]]>
              </value>
            </param>
          </params>
          <reporter-output>
          </reporter-output>
        </test-method> <!-- feature -->
        <test-method status="PASS" signature="feature(cucumber.api.testng.PickleEventWrapper, cucumber.api.testng.CucumberFeatureWrapper)[pri:0, instance:runner.TestRunner@598067a5]" name="feature" duration-ms="100002" started-at="2019-07-21T21:30:11Z" data-provider="features" finished-at="2019-07-21T21:31:51Z">
          <params>
            <param index="0">
              <value>
                <![CDATA["YahooSearch Page"]]>
              </value>
            </param>
            <param index="1">
              <value>
                <![CDATA["Check Global Search"]]>
              </value>
            </param>
          </params>
          <reporter-output>
          </reporter-output>
        </test-method> <!-- feature -->
        <test-method status="PASS" signature="feature(cucumber.api.testng.PickleEventWrapper, cucumber.api.testng.CucumberFeatureWrapper)[pri:0, instance:runner.TestRunner@598067a5]" name="feature" duration-ms="15306" started-at="2019-07-21T21:31:51Z" data-provider="features" finished-at="2019-07-21T21:32:07Z">
          <params>
            <param index="0">
              <value>
                <![CDATA["Scenario to check google search"]]>
              </value>
            </param>
            <param index="1">
              <value>
                <![CDATA["Feature to Check Google Search Functionality"]]>
              </value>
            </param>
          </params>
          <reporter-output>
          </reporter-output>
        </test-method> <!-- feature -->
        <test-method status="PASS" signature="tearDownClass()[pri:0, instance:runner.TestRunner@598067a5]" name="tearDownClass" is-config="true" duration-ms="3154" started-at="2019-07-21T21:32:07Z" finished-at="2019-07-21T21:32:10Z">
          <reporter-output>
          </reporter-output>
        </test-method> <!-- tearDownClass -->
      </class> <!-- runner.TestRunner -->
    </test> <!-- Test -->
  </suite> <!-- Suite -->
</testng-results>
